2016-04-18 10:33:51 - PSTParser started
2016-04-18 10:33:51 - [Paul Patterson] modules [], plugins [], sites []
2016-04-18 10:33:52 - Processing tarek_new_2016-03-29.pst
2016-04-18 10:33:55 - PSTParser ended
2016-04-18 10:34:15 - PSTParser started
2016-04-18 10:34:15 - [Wildside] modules [], plugins [], sites []
2016-04-18 10:34:16 - Processing tarek_new_2016-03-29.pst
2016-04-18 10:34:19 - PSTParser ended
2016-04-18 10:35:19 - PSTParser started
2016-04-18 10:35:20 - [Wizard] modules [], plugins [], sites []
2016-04-18 10:35:21 - Processing tarek_new_2016-03-29.pst
2016-04-18 10:35:23 - PSTParser ended
2016-04-18 10:39:06 - PSTParser started
2016-04-18 10:39:06 - [Juggernaut] modules [], plugins [], sites []
2016-04-18 10:39:07 - Processing tarek_new_2016-03-29.pst
2016-04-18 10:39:10 - PSTParser ended
2016-04-18 10:39:41 - PSTParser started
2016-04-18 10:39:41 - [Joe Fixit] modules [], plugins [], sites []
2016-04-18 10:39:42 - Processing tarek_new_2016-03-29.pst
2016-04-18 10:39:45 - PSTParser ended
2016-04-18 10:40:25 - PSTParser started
2016-04-18 10:40:25 - [Charlie-27] modules [], plugins [], sites []
2016-04-18 10:40:26 - Processing tarek_new_2016-03-29.pst
2016-04-18 10:40:29 - PSTParser ended
2016-04-18 10:41:09 - PSTParser started
2016-04-18 10:41:09 - [Abraxas] modules [], plugins [], sites []
2016-04-18 10:41:10 - Processing tarek_new_2016-03-29.pst
2016-04-18 10:41:12 - PSTParser ended
2016-04-18 10:49:42 - [Living Eraser] modules [], plugins [], sites []
2016-04-18 10:50:33 - [Firearm] modules [], plugins [], sites []
2016-04-18 11:55:02 - [Skein] modules [], plugins [], sites []
